<?xml version="1.0" encoding="UTF-8"?>
<!-- Generated by org.testng.reporters.JUnitXMLReporter -->
<testsuite ignored="0" hostname="LAPTOP-4CNGAHOS" failures="0" tests="3" name="Default test" time="68.129" errors="0" timestamp="2024-09-29T11:37:19 IST">
  <testcase classname="orangeHrmTestScript.TestPIM" name="testPIM_Creation" time="16.32"/>
  <testcase classname="orangeHrmTestScript.TestPIM" name="testPIM_Update" time="14.016"/>
  <testcase classname="orangeHrmTestScript.TestPIM" name="testPIM_Delete" time="12.352"/>
</testsuite> <!-- Default test -->
