<?xml version="1.0" encoding="UTF-8"?>
<!-- Generated by org.testng.reporters.JUnitXMLReporter -->
<testsuite ignored="0" hostname="LAPTOP-4CNGAHOS" failures="1" tests="3" name="Test" time="99.716" errors="0" timestamp="2024-09-25T20:29:33 IST">
  <testcase classname="orangeHrmextendedreport.extendedreportlistners" name="testPimCreation" time="13.558"/>
  <testcase classname="orangeHrmextendedreport.extendedreportlistners" name="testPimUpdate" time="20.767">
    <failure type="java.lang.AssertionError" message="expected [Account Assistant] but found [5613165]">
      <![CDATA[java.lang.AssertionError: expected [Account Assistant] but found [5613165]
at orangeHrmextendedreport.extendedreportlistners.testPimUpdate(extendedreportlistners.java:119)
at java.base/java.util.ArrayList.forEach(ArrayList.java:1511)
... Removed 33 stack frames]]>
    </failure>
  </testcase> <!-- testPimUpdate -->
  <testcase classname="orangeHrmextendedreport.extendedreportlistners" name="testPimDelete" time="6.133"/>
</testsuite> <!-- Test -->
