<?xml version="1.0" encoding="UTF-8"?>
<!-- Generated by org.testng.reporters.JUnitXMLReporter -->
<testsuite ignored="0" hostname="LAPTOP-4CNGAHOS" failures="0" tests="3" name="Default test" time="0.091" errors="0" timestamp="2024-11-17T19:13:34 IST">
  <testcase classname="JSONPractice.jsonDataTypes" name="jsonObjectArray" time="0.013"/>
  <testcase classname="JSONPractice.jsonDataTypes" name="jsonString" time="0.003"/>
  <testcase classname="JSONPractice.jsonDataTypes" name="jsonstring2" time="0.002"/>
</testsuite> <!-- Default test -->
