<?xml version="1.0" encoding="UTF-8"?>
<testng-results ignored="0" total="3" passed="3" failed="0" skipped="0">
  <reporter-output>
  </reporter-output>
  <suite started-at="2024-11-17T19:13:34 IST" name="Default suite" finished-at="2024-11-17T19:13:34 IST" duration-ms="91">
    <groups>
    </groups>
    <test started-at="2024-11-17T19:13:34 IST" name="Default test" finished-at="2024-11-17T19:13:34 IST" duration-ms="91">
      <class name="JSONPractice.jsonDataTypes">
        <test-method signature="jsonObjectArray()[pri:0, instance:JSONPractice.jsonDataTypes@1c9b0314]" started-at="2024-11-17T19:13:34 IST" name="jsonObjectArray" finished-at="2024-11-17T19:13:34 IST" duration-ms="13" status="PASS">
          <reporter-output>
          </reporter-output>
        </test-method> <!-- jsonObjectArray -->
        <test-method signature="jsonString()[pri:0, instance:JSONPractice.jsonDataTypes@1c9b0314]" started-at="2024-11-17T19:13:34 IST" name="jsonString" finished-at="2024-11-17T19:13:34 IST" duration-ms="3" status="PASS">
          <reporter-output>
          </reporter-output>
        </test-method> <!-- jsonString -->
        <test-method signature="jsonstring2()[pri:0, instance:JSONPractice.jsonDataTypes@1c9b0314]" started-at="2024-11-17T19:13:34 IST" name="jsonstring2" finished-at="2024-11-17T19:13:34 IST" duration-ms="2" status="PASS">
          <reporter-output>
          </reporter-output>
        </test-method> <!-- jsonstring2 -->
      </class> <!-- JSONPractice.jsonDataTypes -->
    </test> <!-- Default test -->
  </suite> <!-- Default suite -->
</testng-results>
