<?xml version="1.0" encoding="UTF-8"?>
<!-- Generated by org.testng.reporters.JUnitXMLReporter -->
<testsuite ignored="0" hostname="LAPTOP-4CNGAHOS" failures="1" tests="3" name="Test" time="72.093" errors="0" timestamp="2024-09-29T10:28:42 IST">
  <testcase classname="orangeHrmTestScript.TestPIM" name="testPIM_Creation" time="17.193"/>
  <testcase classname="orangeHrmTestScript.TestPIM" name="testPIM_Update" time="14.211">
    <failure type="java.lang.AssertionError" message="expected [Account Assitant] but found []">
      <![CDATA[java.lang.AssertionError: expected [Account Assitant] but found []
at orangeHrmTestScript.TestPIM.testPIM_Update(TestPIM.java:75)
at java.base/java.util.ArrayList.forEach(ArrayList.java:1511)
... Removed 33 stack frames]]>
    </failure>
  </testcase> <!-- testPIM_Update -->
  <testcase classname="orangeHrmTestScript.TestPIM" name="testPIM_Delete" time="13.335"/>
</testsuite> <!-- Test -->
